<... brk resumed>)                =
<... clone3 resumed> => {parent_tid=[21066]}, 88) = 21066
<... clone3 resumed> => {parent_tid=[21067]}, 88) = 21067
<... clone3 resumed> => {parent_tid=[21068]}, 88) = 21068
<... clone3 resumed> => {parent_tid=[21069]}, 88) = 21069
<... clone3 resumed> => {parent_tid=[21071]}, 88) = 21071
<... clone3 resumed> => {parent_tid=[21073]}, 88) = 21073
<... clone3 resumed> => {parent_tid=[21074]}, 88) = 21074
<... clone3 resumed> => {parent_tid=[21075]}, 88) = 21075
<... clone3 resumed> => {parent_tid=[21076]}, 88) = 21076
<... clone3 resumed> => {parent_tid=[21077]}, 88) = 21077
<... clone3 resumed> => {parent_tid=[21078]}, 88) = 21078
<... clone3 resumed> => {parent_tid=[21079]}, 88) = 21079
<... clone3 resumed> => {parent_tid=[21080]}, 88) = 21080
<... clone3 resumed> => {parent_tid=[21081]}, 88) = 21081
<... clone3 resumed> => {parent_tid=[21082]}, 88) = 21082
<... clone3 resumed> => {parent_tid=[21083]}, 88) = 21083
<... clone3 resumed> => {parent_tid=[21084]}, 88) = 21084
<... clone3 resumed> => {parent_tid=[21085]}, 88) = 21085
<... clone3 resumed> => {parent_tid=[21086]}, 88) = 21086
<... clone3 resumed> => {parent_tid=[21087]}, 88) = 21087
<... clone3 resumed> => {parent_tid=[21088]}, 88) = 21088
<... clone3 resumed> => {parent_tid=[21089]}, 88) = 21089
<... clone3 resumed> => {parent_tid=[21090]}, 88) = 21090
<... clone3 resumed> => {parent_tid=[21091]}, 88) = 21091
<... clone3 resumed> => {parent_tid=[21092]}, 88) = 21092
<... clone3 resumed> => {parent_tid=[21093]}, 88) = 21093
<... clone3 resumed> => {parent_tid=[21094]}, 88) = 21094
<... clone3 resumed> => {parent_tid=[21095]}, 88) = 21095
<... fstat resumed>{st_mode=S_IFREG|0644, st_size=8539, ...}) = 0
<... gettid resumed>)             = 21096
<... gettid resumed>)             = 21098
<... ioctl resumed>, ) = 0
<... ioctl resumed>, ) = 259
<... poll resumed>)               = 0 (Timeout)
<... poll resumed>)               = 1 ([{fd=10, revents=POLLIN}])
<... read resumed>"\313\r\r\n\0\0\0\0gp\256g\245\r\0\0\343\0\0\0\0\0\0\0\0\0\0\0\0\t\0\0"..., 3707) = 3706
<... stat resumed>{st_mode=S_IFDIR|0755, st_size=12288, ...}) = 0
<... stat resumed>{st_mode=S_IFREG|0644, st_size=3493, ...}) = 0
<... stat resumed>{st_mode=S_IFREG|0644, st_size=8761, ...}) = 0
brk( <unfinished ...>
brk()                   =
#clock_nanosleep(CLOCK_REALTIME, 0, {tv_sec=0, tv_nsec=5000000}, NULL) = 0
clone3({flags=CLONE_VM|CLONE_FS|CLONE_FILES|CLONE_SIGHAND|CLONE_THREAD|CLONE_SYSVSEM|CLONE_SETTLS|CLONE_PARENT_SETTID|CLONE_CHILD_CLEARTID, child_tid=, parent_tid=, exit_signal=0, stack=, stack_size=, tls=} => {parent_tid=[21065]}, 88) = 21065
clone3({flags=CLONE_VM|CLONE_FS|CLONE_FILES|CLONE_SIGHAND|CLONE_THREAD|CLONE_SYSVSEM|CLONE_SETTLS|CLONE_PARENT_SETTID|CLONE_CHILD_CLEARTID, child_tid=, parent_tid=, exit_signal=0, stack=, stack_size=, tls=} => {parent_tid=[21070]}, 88) = 21070
clone3({flags=CLONE_VM|CLONE_FS|CLONE_FILES|CLONE_SIGHAND|CLONE_THREAD|CLONE_SYSVSEM|CLONE_SETTLS|CLONE_PARENT_SETTID|CLONE_CHILD_CLEARTID, child_tid=, parent_tid=, exit_signal=0, stack=, stack_size=, tls=} => {parent_tid=[21072]}, 88) = 21072
clone3({flags=CLONE_VM|CLONE_FS|CLONE_FILES|CLONE_SIGHAND|CLONE_THREAD|CLONE_SYSVSEM|CLONE_SETTLS|CLONE_PARENT_SETTID|CLONE_CHILD_CLEARTID, child_tid=, parent_tid=, exit_signal=0, stack=, stack_size=, tls=} => {parent_tid=[21096]}, 88) = 21096
clone3({flags=CLONE_VM|CLONE_FS|CLONE_FILES|CLONE_SIGHAND|CLONE_THREAD|CLONE_SYSVSEM|CLONE_SETTLS|CLONE_PARENT_SETTID|CLONE_CHILD_CLEARTID, child_tid=, parent_tid=, exit_signal=0, stack=, stack_size=, tls=} => {parent_tid=[21097]}, 88) = 21097
clone3({flags=CLONE_VM|CLONE_FS|CLONE_FILES|CLONE_SIGHAND|CLONE_THREAD|CLONE_SYSVSEM|CLONE_SETTLS|CLONE_PARENT_SETTID|CLONE_CHILD_CLEARTID, child_tid=, parent_tid=, exit_signal=0, stack=, stack_size=, tls=} => {parent_tid=[21098]}, 88) = 21098
close(13)                         = 0
#eventfd2(0, EFD_CLOEXEC|EFD_NONBLOCK) = 10
#eventfd2(0, EFD_CLOEXEC|EFD_NONBLOCK) = 11
#eventfd2(0, EFD_CLOEXEC|EFD_NONBLOCK) = 12
execve("/home/hozgu/anaconda3/envs/os/bin/python", ["python", "trace_syscalls.py", "--trace_copy", "--mode", "1"],  /* 40 vars */) = 0
#fcntl(10, F_SETFL, O_RDONLY|O_NONBLOCK) = 0
#fcntl(11, F_SETFL, O_RDONLY|O_NONBLOCK) = 0
#fcntl(12, F_SETFL, O_RDONLY|O_NONBLOCK) = 0
#fcntl(13, F_SETFL, O_RDONLY|O_NONBLOCK) = 0
#fcntl(14, F_SETFL, O_RDONLY|O_NONBLOCK) = 0
#fstat(10, {st_mode=S_IFREG|0444, st_size=0, ...}) = 0
#fstat(10, {st_mode=S_IFREG|0555, st_size=1771304, ...}) = 0
#fstat(10, {st_mode=S_IFREG|0555, st_size=245192, ...}) = 0
#fstat(10, {st_mode=S_IFREG|0644, st_size=0, ...}) = 0
#fstat(10, {st_mode=S_IFREG|0644, st_size=20095, ...}) = 0
#fstat(13, {st_mode=S_IFREG|0644, st_size=0, ...}) = 0
#futex(, FUTEX_WAIT_BITSET_PRIVATE|FUTEX_CLOCK_REALTIME, 0, {tv_sec=1740945825, tv_nsec=645936000}, FUTEX_BITSET_MATCH_ANY <unfinished ...>
#futex(, FUTEX_WAIT_BITSET_PRIVATE|FUTEX_CLOCK_REALTIME, 0, {tv_sec=1740945825, tv_nsec=707163000}, FUTEX_BITSET_MATCH_ANY <unfinished ...>
#futex(, FUTEX_WAIT_BITSET_PRIVATE|FUTEX_CLOCK_REALTIME, 0, {tv_sec=1740945825, tv_nsec=720448000}, FUTEX_BITSET_MATCH_ANY <unfinished ...>
futex(, FUTEX_WAIT_BITSET|FUTEX_CLOCK_REALTIME, 21097, NULL, FUTEX_BITSET_MATCH_ANY <unfinished ...>
getpid()                          = 21064
getrandom("\x63\x2b\xd7\xca\x7d\xe9\xae\xf7\xe7\x7a\xd1\xfc\x51\x06\x9a\x94\x25\xd7\x17\xd6\x81\x0d\x64\x32", 24, GRND_NONBLOCK) = 24
getrandom("\x91\x2b\x56\x9f\x98\xbd\xae\xf6", 8, GRND_NONBLOCK) = 8
getrandom("\xb2\x4a\x74\x17\xc0\xb0\x81\x9c\x41\x28\x3a\x51\xe2\x40\x36\xec\xff\xd0\x35\x91\xbd\x46\x49\x9f\x64\x5a\x07\x66\xf6\xf7\xd5\xdb"..., 2496, GRND_NONBLOCK) = 2496
getrandom("\xec\xe9\xfc\x2f\xda\x7a\x50\x84\x97\x71\xdf\xde\x40\x18\x2f\xe4\xd9\x01\x46\xca\x40\x93\x78\x64\xc3\x56\x96\x39\x7b\x90\x59\xfd"..., 2496, GRND_NONBLOCK) = 2496
getrandom("\xef\x7d\xa8\x29\x67\x9d\x19\xcd\x97\xb2\x33\x56\xd0\x4d\xde\x83\xe2\xc7\x6c\x87\x9c\x48\xe7\x98\xa4\x9e\x1b\xed\xbd\x34\x47\x3a", 32, 0) = 32
gettid()                          = 21064
gettid()                          = 21097
#ioctl(3, _IOC(_IOC_READ|_IOC_WRITE, , , ) <unfinished ...>
#ioctl(3, _IOC(_IOC_READ|_IOC_WRITE, , , ), ) = 259
#mmap(, 12876968, PROT_READ|PROT_WRITE, MAP_PRIVATE|MAP_FIXED|MAP_ANONYMOUS, -1, 0) =
#mmap(, 16743592, PROT_READ|PROT_EXEC, MAP_PRIVATE|MAP_FIXED|MAP_DENYWRITE, 10, 0) =
#mmap(, 184320, PROT_READ|PROT_WRITE, MAP_PRIVATE|MAP_FIXED|MAP_DENYWRITE, 10, ) =
#mmap(, 2097152, PROT_READ|PROT_WRITE, MAP_SHARED|MAP_FIXED|MAP_ANONYMOUS, -1, 0) =
#mmap(, 2286128, PROT_READ|PROT_EXEC, MAP_PRIVATE|MAP_FIXED|MAP_DENYWRITE, 10, 0) =
#mmap(, 28672, PROT_READ|PROT_WRITE, MAP_PRIVATE|MAP_FIXED|MAP_DENYWRITE, 10, ) =
#mmap(, 6291456, PROT_READ|PROT_WRITE, MAP_SHARED|MAP_FIXED|MAP_ANONYMOUS, -1, 0) =
#mmap(NULL, 1048576, PROT_READ|PROT_WRITE, MAP_PRIVATE|MAP_ANONYMOUS, -1, 0 <unfinished ...>
#mmap(NULL, 1343488, PROT_READ|PROT_WRITE, MAP_PRIVATE|MAP_ANONYMOUS, -1, 0) =
#mmap(NULL, 18840744, PROT_NONE, MAP_PRIVATE|MAP_ANONYMOUS|MAP_DENYWRITE, -1, 0) =
#mmap(NULL, 20095, PROT_READ, MAP_PRIVATE, 10, 0) =
#mmap(NULL, 2097152, PROT_READ|PROT_WRITE, MAP_SHARED|MAP_ANONYMOUS, -1, 0) =
#mmap(NULL, 2101248, PROT_READ|PROT_WRITE, MAP_PRIVATE|MAP_ANONYMOUS, -1, 0) =
#mmap(NULL, 35651584, PROT_READ|PROT_WRITE, MAP_SHARED|MAP_ANONYMOUS, -1, 0) =
#mmap(NULL, 4383280, PROT_NONE, MAP_PRIVATE|MAP_ANONYMOUS|MAP_DENYWRITE, -1, 0) =
#mmap(NULL, 528384, PROT_READ|PROT_WRITE, MAP_PRIVATE|MAP_ANONYMOUS, -1, 0) =
#mprotect(, 176128, PROT_READ) = 0
munmap(, 1143344)   = 0
munmap(, 1679360)   = 0
munmap(, 18878464 <unfinished ...>
munmap(, 2064384)   = 0
munmap(, 2101248)   = 0
munmap(, 31912)     = 0
munmap(, 33554432 <unfinished ...>
munmap(, 413968)    = 0
munmap(, 48230400 <unfinished ...>
munmap(, 950272)    = 0
openat(AT_FDCWD, "/etc/ld.so.cache", O_RDONLY|O_CLOEXEC) = 10
openat(AT_FDCWD, "/home/hozgu/anaconda3/envs/os/bin/../lib/libnvidia-ml.so.1", O_RDONLY|O_CLOEXEC) = -1 ENOENT (No such file or directory)
openat(AT_FDCWD, "/home/hozgu/anaconda3/envs/os/lib/python3.12/__pycache__/_compat_pickle.cpython-312.pyc", O_RDONLY|O_CLOEXEC) = 3
openat(AT_FDCWD, "/home/hozgu/anaconda3/envs/os/lib/python3.12/lib-dynload/../../libnvidia-ml.so.1", O_RDONLY|O_CLOEXEC) = -1 ENOENT (No such file or directory)
openat(AT_FDCWD, "/home/hozgu/anaconda3/envs/os/lib/python3.12/site-packages/numpy/__pycache__/exceptions.cpython-312.pyc", O_RDONLY|O_CLOEXEC) = 3
openat(AT_FDCWD, "/home/hozgu/anaconda3/envs/os/lib/python3.12/site-packages/numpy/_core/__pycache__/_asarray.cpython-312.pyc", O_RDONLY|O_CLOEXEC) = 3
openat(AT_FDCWD, "/home/hozgu/anaconda3/envs/os/lib/python3.12/site-packages/numpy/_core/__pycache__/fromnumeric.cpython-312.pyc", O_RDONLY|O_CLOEXEC <unfinished ...>
openat(AT_FDCWD, "/proc/devices", O_RDONLY) = 10
openat(AT_FDCWD, "/proc/driver/nvidia/capabilities/mig/monitor", O_RDONLY) = -1 ENOENT (No such file or directory)
openat(AT_FDCWD, "/proc/self/maps", O_RDONLY) = 10
openat(AT_FDCWD, "/proc/self/task/21096/comm", O_WRONLY|O_CREAT|O_TRUNC, 0666 <unfinished ...>
openat(AT_FDCWD, "/proc/self/task/21098/comm", O_WRONLY|O_CREAT|O_TRUNC, 0666) = 13
openat(AT_FDCWD, "/proc/sys/vm/mmap_min_addr", O_RDONLY) = 10
openat(AT_FDCWD, "/sys/devices/system/cpu/online", O_RDONLY|O_CLOEXEC) = 10
openat(AT_FDCWD, "/tmp/s4cnocl5", O_RDWR|O_CREAT|O_EXCL|O_NOFOLLOW|O_CLOEXEC, 0600) = 3
openat(AT_FDCWD, "/usr/lib/wsl/drivers/nvle.inf_amd64_14964aa0497c7c40/libnvidia-ml.so.1", O_RDONLY|O_CLOEXEC) = 10
openat(AT_FDCWD, "/usr/lib/wsl/lib/libnvidia-ml.so.1", O_RDONLY|O_CLOEXEC) = 10
#pipe2([13, 14], O_CLOEXEC)        = 0
#poll([{fd=10, events=POLLIN}, {fd=11, events=POLLIN}, {fd=12, events=POLLIN}, {fd=13, events=POLLIN}], 4, 100 <unfinished ...>
#poll([{fd=10, events=POLLIN}, {fd=11, events=POLLIN}, {fd=12, events=POLLIN}, {fd=13, events=POLLIN}], 4, 6 <unfinished ...>
#poll([{fd=10, events=POLLIN}, {fd=11, events=POLLIN}, {fd=12, events=POLLIN}], 3, 20 <unfinished ...>
#poll([{fd=10, events=POLLIN}, {fd=11, events=POLLIN}], 2, 83 <unfinished ...>
#poll([{fd=10, events=POLLIN}], 1, 100 <unfinished ...>
read(10, "                    /home/hozgu/"..., 1024) = 1024
read(10, "                /home/hozgu/anac"..., 1024) = 1024
read(10, "               /home/hozgu/anaco"..., 1024) = 1024
read(10, "              /home/hozgu/anacon"..., 1024) = 1024
read(10, "           /home/hozgu/anaconda3"..., 1024) = 1024
read(10, "     /home/hozgu/anaconda3/envs/"..., 1024) = 1024
read(10, "   /usr/lib/x86_64-linux-gnu/lib"..., 1024) = 1024
read(10, "  /home/hozgu/anaconda3/envs/os/"..., 1024) = 1024
read(10, " 455211                     /hom"..., 1024) = 1024
read(10, "", 1024)                = 0
read(10, "-linux-gnu.so\n7fd707cbc000-7fd70"..., 1024) = 1024
read(10, "-p 00000000 00:00 0 \n7fd5fa7e100"..., 1024) = 1024
read(10, ".cpython-312-x86_64-linux-gnu.so"..., 1024) = 1024
read(10, "/hozgu/anaconda3/envs/os/lib/pyt"..., 1024) = 1024
read(10, "/os/lib/python3.12/site-packages"..., 1024) = 1024
read(10, "0 08:20 455307                  "..., 1024) = 1024
read(10, "0 08:20 455467                  "..., 1024) = 1024
read(10, "0 08:20 455585                  "..., 1024) = 1024
read(10, "0 r--p 00000000 08:20 246097    "..., 1024) = 1024
read(10, "0 r-xp 00001000 08:20 455044    "..., 1024) = 1024
read(10, "0-31\n", 1024)          = 5
read(10, "0-7fd5f4000000 r--p 0073f000 00:"..., 1024) = 1024
read(10, "0-7fd707427000 r--p 00000000 08:"..., 1024) = 1024
read(10, "00 ---p 00000000 00:00 0 \n7fd613"..., 1024) = 1024
read(10, "00 r--p 00000000 08:20 455135   "..., 1024) = 1024
read(10, "00 rw-p 00000000 00:00 0 \n7fd655"..., 1024) = 1024
read(10, "000 r--p 00009000 08:20 455341  "..., 1024) = 1024
read(10, "000 r--p 011d4000 08:20 479960  "..., 1024) = 1024
read(10, "00400000-00420000 r--p 00000000 "..., 1024) = 1024
read(10, "0:00 0 \n7fd5f2200000-7fd5f2a0000"..., 1024) = 1024
read(10, "12/site-packages/torch/lib/libgo"..., 1024) = 1024
read(10, "20 290946                     /u"..., 1024) = 438
read(10, "219                     /home/ho"..., 1024) = 1024
read(10, "2e77000-7fd7033a2000 r--p 02a770"..., 1024) = 1024
read(10, "3                     /home/hozg"..., 1024) = 1024
read(10, "33000 r--p 000b7000 08:20 493248"..., 1024) = 1024
read(10, "4-linux-gnu.so\n7fd707f5e000-7fd7"..., 1024) = 1024
read(10, "40/libnvidia-ml.so.1\n7fd5f0b8300"..., 1024) = 1024
read(10, "455096                     /home"..., 1024) = 1024
read(10, "48                     /home/hoz"..., 1024) = 1024
read(10, "65536\n", 1024)         = 6
read(10, "707d1a000 r--p 00002000 08:20 49"..., 1024) = 1024
read(10, "7fd64403b000 r-xp 00000000 08:20"..., 1024) = 1024
read(10, "7fd6fe108000-7fd6fe35f000 r--p 1"..., 1024) = 1024
read(10, "8:20 479718                     "..., 1024) = 1024
read(10, "93252                     /home/"..., 1024) = 1024
read(10, ":20 238985                     /"..., 1024) = 1024
read(10, "Character devices:\n  1 mem\n  4 /"..., 1024) = 563
read(10, "\177ELF\2\1\1\0\0\0\0\0\0\0\0\0\3\0>\0\1\0\0\0\240!\1\0\0\0\0\0"..., 832) = 832
read(10, "\177ELF\2\1\1\0\0\0\0\0\0\0\0\0\3\0>\0\1\0\0\0\340\206\1\0\0\0\0\0"..., 832) = 832
read(10, "\1\0\0\0\0\0\0\0", 8)   = 8
read(10, "aconda3/envs/os/lib/python3.12/l"..., 1024) = 1024
read(10, "c++.so.6.0.29\n7fd6a75ee000-7fd6a"..., 1024) = 1024
read(10, "ch/lib/libtorch_cuda.so\n7fd6e956"..., 1024) = 1024
read(10, "codedata.cpython-312-x86_64-linu"..., 1024) = 1024
read(10, "cpython-312-x86_64-linux-gnu.so\n"..., 1024) = 1024
read(10, "d63000-7fd707d65000 r-xp 0000200"..., 1024) = 1024
read(10, "d707cc6000-7fd707cc7000 rw-p 000"..., 1024) = 1024
read(10, "eff6000 rw-p 00000000 00:00 0 \n7"..., 1024) = 1024
read(10, "fd646826000-7fd646a25000 ---p 00"..., 1024) = 1024
read(10, "fffc000 ---p 01171000 08:20 4932"..., 1024) = 1024
read(10, "gcc_s.so.1\n7fd7075fe000-7fd7075f"..., 1024) = 1024
read(10, "gu/anaconda3/envs/os/lib/python3"..., 1024) = 1024
read(10, "hozgu/anaconda3/envs/os/lib/pyth"..., 1024) = 1024
read(10, "ib/x86_64-linux-gnu/libc.so.6\n7f"..., 1024) = 1024
read(10, "lib-dynload/_lzma.cpython-312-x8"..., 1024) = 1024
read(10, "lities\nvmx flags\t: vnmi invvpid "..., 1024) = 1024
read(10, "load/zlib.cpython-312-x86_64-lin"..., 1024) = 1024
read(10, "naconda3/envs/os/lib/python3.12/"..., 1024) = 1024
read(10, "nda3/envs/os/lib/libz.so.1.2.13\n"..., 1024) = 1024
read(10, "nu/libpthread.so.0\n7fd708787000-"..., 1024) = 1024
read(10, "nvs/os/lib/python3.12/site-packa"..., 1024) = 1024
read(10, "oad/math.cpython-312-x86_64-linu"..., 1024) = 1024
read(10, "on3.12/lib-dynload/_ctypes.cpyth"..., 1024) = 1024
read(10, "on3.12/site-packages/nvidia/cuda"..., 1024) = 1024
read(10, "processor\t: 0\nvendor_id\t: Genuin"..., 1024) = 1024
read(10, "se.so.12\n7fd6a69ba000-7fd6a69c90"..., 1024) = 1024
read(10, "vs/os/lib/python3.12/site-packag"..., 1024) = 1024
read(3, "", 8785)                 = 0
read(3, "7fd707d29000-7fd707d2d000 r--p 0"..., 4208) = 3944
read(3, "7fd707d69000-7fd707d6c000 r--p 0"..., 264) = 264
read(3, "7fd707dca000-7fd707dcd000 r--p 0"..., 4376) = 3958
read(3, "7fd707f2d000-7fd707f2e000 r--p 0"..., 418) = 418
read(3, "7fd70841d000-7fd708424000 r--s 0"..., 12778) = 3993
read(3, "\t\177\246+\361~\242\270", 8) = 8
read(3, "p 00000000 08:20 455384         "..., 16896) = 4118
read(4, "                   /home/hozgu/a"..., 1024) = 1024
read(4, "               /home/hozgu/anaco"..., 1024) = 1024
read(4, "          /home/hozgu/anaconda3/"..., 1024) = 1024
read(4, "    /home/hozgu/anaconda3/envs/o"..., 1024) = 1024
read(4, "  /home/hozgu/anaconda3/envs/os/"..., 1024) = 1024
read(4, "  /usr/lib/x86_64-linux-gnu/libu"..., 1024) = 1024
read(4, " /home/hozgu/anaconda3/envs/os/l"..., 1024) = 1024
read(4, " 00000000 00:00 0 \n7fd70817b000-"..., 1024) = 1024
read(4, " 08:20 444448                   "..., 1024) = 1024
read(4, " r--p 02a77000 08:20 479659     "..., 1024) = 1024
read(4, "-gnu/libpthread.so.0\n7fd70878800"..., 1024) = 1024
read(4, "-x86_64-linux-gnu.so\n7fd5f559000"..., 1024) = 1024
read(4, "-x86_64-linux-gnu.so\n7fd707d4f00"..., 1024) = 1024
read(4, "-x86_64-linux-gnu.so\n7fd707d5b00"..., 1024) = 1024
read(4, ".cpython-312-x86_64-linux-gnu.so"..., 1024) = 1024
read(4, ".so\n7fd6e9569000-7fd6e95dc000 r-"..., 1024) = 1024
read(4, "/home/hozgu/anaconda3/envs/os/li"..., 1024) = 1024
read(4, "/hozgu/anaconda3/envs/os/lib/pyt"..., 1024) = 1024
read(4, "/nvidia/cuda_runtime/lib/libcuda"..., 1024) = 1024
read(4, "/os/lib/python3.12/lib-dynload/c"..., 1024) = 1024
read(4, "/os/lib/python3.12/lib-dynload/g"..., 1024) = 1024
read(4, "0 00:00 0 \n7fd62eff6000-7fd62eff"..., 1024) = 1024
read(4, "0 08:20 493257                  "..., 1024) = 1024
read(4, "0 246097                     /ho"..., 1024) = 1024
read(4, "0-7fd6a69c9000 r--p 117ba000 08:"..., 1024) = 1024
read(4, "0-7fd707d0d000 rw-p 00006000 08:"..., 1024) = 1024
read(4, "00 0 \n7fd6137ec000-7fd615fec000 "..., 1024) = 1024
read(4, "00 0 \n7fd655400000-7fd66ec69000 "..., 1024) = 1024
read(4, "000-7fd7075ff000 r--p 00017000 0"..., 1024) = 1024
read(4, "000-7ffdfef4d000 rw-p 00000000 0"..., 1024) = 232
read(4, "0003000 08:20 238985            "..., 1024) = 1024
read(4, "08:20 493248                    "..., 1024) = 1024
read(4, "12/lib-dynload/_heapq.cpython-31"..., 1024) = 1024
read(4, "5ee000-7fd6a75ef000 ---p 0020200"..., 1024) = 1024
read(4, "5f000 r--p 1337a000 08:20 493253"..., 1024) = 1024
read(4, "86_64-linux-gnu/libc.so.6\n7fd708"..., 1024) = 1024
read(4, "\n7fd5fa7e1000-7fd5fa7e2000 ---p "..., 1024) = 1024
read(4, "_64-linux-gnu.so\n7fd707d2e000-7f"..., 1024) = 1024
read(4, "_64-linux-gnu.so\n7fd707d84000-7f"..., 1024) = 1024
read(4, "ch/lib/libgomp-24e2ab19.so.1\n7fd"..., 1024) = 1024
read(4, "d02000-7fd707d07000 rw-p 0003b00"..., 1024) = 1024
read(4, "e/hozgu/anaconda3/envs/os/lib/py"..., 1024) = 1024
read(4, "es/torch/lib/libtorch_global_dep"..., 1024) = 1024
read(4, "hozgu/anaconda3/envs/os/lib/pyth"..., 1024) = 1024
read(4, "ib-dynload/fcntl.cpython-312-x86"..., 1024) = 1024
read(4, "inux-gnu.so\n7fd703547000-7fd7035"..., 1024) = 1024
read(4, "inux-gnu.so\n7fd707846000-7fd7078"..., 1024) = 1024
read(4, "nux-gnu.so\n7fd707d8c000-7fd707d8"..., 1024) = 1024
read(4, "ozgu/anaconda3/envs/os/lib/pytho"..., 1024) = 1024
read(4, "p 00000000 08:20 479995         "..., 1024) = 1024
read(4, "python-312-x86_64-linux-gnu.so\n7"..., 1024) = 1024
read(4, "tvars.cpython-312-x86_64-linux-g"..., 1024) = 1024
read(4, "zgu/anaconda3/envs/os/lib/libz.s"..., 1024) = 1024
readlink("/proc/21064", , 1023) = -1 EINVAL (Invalid argument)
readlink("/proc/21064/exe", "/home/hozgu/anaconda3/envs/os/bi"..., 1023) = 44
readlink("/proc/self", "21064", 1023) = 5
sched_getaffinity(21064, 8, [0 1 2 3 4 5 6 7 8 9 10 11 12 13 14 15 16 17 18 19 20 21 22 23 24 25 26 27 28 29 30 31]) = 8
set_tid_address()   = 21064
stat("", )          = -1 ENOENT (No such file or directory)
stat("/home/hozgu/anaconda3/envs/os/lib/python3.12",  <unfinished ...>
stat("/home/hozgu/anaconda3/envs/os/lib/python3.12/_compat_pickle.py",  <unfinished ...>
stat("/home/hozgu/anaconda3/envs/os/lib/python3.12/lib-dynload/_contextvars.cpython-312-x86_64-linux-gnu.so", {st_mode=S_IFREG|0755, st_size=27176, ...}) = 0
stat("/home/hozgu/anaconda3/envs/os/lib/python3.12/site-packages/numpy/_core",  <unfinished ...>
stat("/home/hozgu/anaconda3/envs/os/lib/python3.12/site-packages/numpy/_core/_type_aliases.py",  <unfinished ...>
stat("/home/hozgu/anaconda3/envs/os/lib/python3.12/site-packages/triton/__init__.abi3.so", ) = -1 ENOENT (No such file or directory)
stat("/home/hozgu/anaconda3/envs/os/lib/python3.12/site-packages/triton/__init__.cpython-312-x86_64-linux-gnu.so", ) = -1 ENOENT (No such file or directory)
stat("/home/hozgu/anaconda3/envs/os/lib/python3.12/site-packages/triton/__init__.py", {st_mode=S_IFREG|0644, st_size=1347, ...}) = 0
stat("/home/hozgu/anaconda3/envs/os/lib/python3.12/site-packages/triton/__init__.so", ) = -1 ENOENT (No such file or directory)
sysinfo({uptime=539210, loads=[10816, 3520, 832], totalram=16611352576, freeram=7669293056, sharedram=192618496, bufferram=23351296, totalswap=4294967296, freeswap=258048, procs=479, totalhigh=0, freehigh=0, mem_unit=1}) = 0
unlink("/tmp/s4cnocl5")           = 0
#write(10, "\1\0\0\0\0\0\0\0", 8)  = 8
#write(13, "cuda-EvtHandlr", 14)   = 14
